<?xml version="1.0" encoding="UTF-8"?>
<!-- Generated by org.testng.reporters.JUnitXMLReporter -->
<testsuite hostname="Nitish3147559" ignored="0" name="Default test" tests="4" failures="0" timestamp="28 Sep 2019 08:31:21 GMT" time="4.882" errors="0">
  <testcase name="verifyTitle" time="0.044" classname="com.Insane.tests.LoginTest"/>
  <testcase name="verifyUsergetsLoggedIn" time="1.595" classname="com.Insane.tests.LoginTest"/>
  <testcase name="verifyAdminNavigationToAddMovie" time="3.083" classname="com.Insane.tests.LoginTest"/>
  <testcase name="verifyAddMovieInvalidMessage" time="0.136" classname="com.Insane.tests.LoginTest"/>
</testsuite> <!-- Default test -->
