<?xml version="1.0" encoding="UTF-8"?>
<testng-results skipped="0" failed="1" ignored="0" total="2" passed="1">
  <reporter-output>
    <line>
      <![CDATA[Title is correct.]]>
    </line>
  </reporter-output>
  <suite name="Default suite" duration-ms="856" started-at="2019-09-28T16:25:37 IST" finished-at="2019-09-28T16:25:38 IST">
    <groups>
    </groups>
    <test name="Default test" duration-ms="856" started-at="2019-09-28T16:25:37 IST" finished-at="2019-09-28T16:25:38 IST">
      <class name="com.Insane.tests.UserLoginTest">
        <test-method status="PASS" signature="openBrowser()[pri:0, instance:com.Insane.tests.UserLoginTest@6ee12bac]" name="openBrowser" is-config="true" duration-ms="6489" started-at="2019-09-28T16:25:31 IST" finished-at="2019-09-28T16:25:37 IST">
          <reporter-output>
          </reporter-output>
        </test-method> <!-- openBrowser -->
        <test-method status="PASS" signature="verifyTitle()[pri:1, instance:com.Insane.tests.UserLoginTest@6ee12bac]" name="verifyTitle" duration-ms="58" started-at="2019-09-28T16:25:37 IST" description="Verify correct title is displayed." finished-at="2019-09-28T16:25:38 IST">
          <reporter-output>
            <line>
              <![CDATA[Title is correct.]]>
            </line>
          </reporter-output>
        </test-method> <!-- verifyTitle -->
        <test-method status="FAIL" signature="verifyUsergetsLoggedIn()[pri:2, instance:com.Insane.tests.UserLoginTest@6ee12bac]" name="verifyUsergetsLoggedIn" duration-ms="769" started-at="2019-09-28T16:25:38 IST" description="Verify admin user gets logged in." finished-at="2019-09-28T16:25:38 IST">
          <exception class="java.lang.NullPointerException">
            <full-stacktrace>
              <![CDATA[java.lang.NullPointerException
at com.Insane.Util.ExcelRead.getData(ExcelRead.java:58)
at com.Insane.pages.LoginPage.<init>(LoginPage.java:42)
at com.Insane.tests.UserLoginTest.verifyUsergetsLoggedIn(UserLoginTest.java:32)
at sun.reflect.NativeMethodAccessorImpl.invoke0(Native Method)
at sun.reflect.NativeMethodAccessorImpl.invoke(NativeMethodAccessorImpl.java:62)
at sun.reflect.DelegatingMethodAccessorImpl.invoke(DelegatingMethodAccessorImpl.java:43)
at java.lang.reflect.Method.invoke(Method.java:498)
at org.testng.internal.MethodInvocationHelper.invokeMethod(MethodInvocationHelper.java:133)
at org.testng.internal.TestInvoker.invokeMethod(TestInvoker.java:584)
at org.testng.internal.TestInvoker.invokeTestMethod(TestInvoker.java:172)
at org.testng.internal.MethodRunner.runInSequence(MethodRunner.java:46)
at org.testng.internal.TestInvoker$MethodInvocationAgent.invoke(TestInvoker.java:804)
at org.testng.internal.TestInvoker.invokeTestMethods(TestInvoker.java:145)
at org.testng.internal.TestMethodWorker.invokeTestMethods(TestMethodWorker.java:146)
at org.testng.internal.TestMethodWorker.run(TestMethodWorker.java:128)
at java.util.ArrayList.forEach(ArrayList.java:1257)
at org.testng.TestRunner.privateRun(TestRunner.java:770)
at org.testng.TestRunner.run(TestRunner.java:591)
at org.testng.SuiteRunner.runTest(SuiteRunner.java:402)
at org.testng.SuiteRunner.runSequentially(SuiteRunner.java:396)
at org.testng.SuiteRunner.privateRun(SuiteRunner.java:355)
at org.testng.SuiteRunner.run(SuiteRunner.java:304)
at org.testng.SuiteRunnerWorker.runSuite(SuiteRunnerWorker.java:53)
at org.testng.SuiteRunnerWorker.run(SuiteRunnerWorker.java:96)
at org.testng.TestNG.runSuitesSequentially(TestNG.java:1180)
at org.testng.TestNG.runSuitesLocally(TestNG.java:1102)
at org.testng.TestNG.runSuites(TestNG.java:1032)
at org.testng.TestNG.run(TestNG.java:1000)
at org.testng.remote.AbstractRemoteTestNG.run(AbstractRemoteTestNG.java:115)
at org.testng.remote.RemoteTestNG.initAndRun(RemoteTestNG.java:251)
at org.testng.remote.RemoteTestNG.main(RemoteTestNG.java:77)
]]>
            </full-stacktrace>
          </exception> <!-- java.lang.NullPointerException -->
          <reporter-output>
          </reporter-output>
        </test-method> <!-- verifyUsergetsLoggedIn -->
      </class> <!-- com.Insane.tests.UserLoginTest -->
    </test> <!-- Default test -->
  </suite> <!-- Default suite -->
</testng-results>
